TN:
SF:index.js
FNF:0
FNH:0
DA:1,1
DA:2,1
DA:3,1
DA:4,1
DA:5,1
DA:6,1
DA:7,1
DA:8,1
DA:9,9
DA:10,2
DA:11,2
DA:12,1
DA:13,1
DA:14,1
DA:15,1
DA:16,1
DA:17,1
DA:18,1
DA:19,1
DA:20,2
DA:21,9
DA:22,6
DA:23,6
DA:24,6
DA:25,1
DA:26,1
DA:27,1
DA:28,6
DA:29,5
DA:30,5
DA:31,5
DA:32,5
DA:33,5
DA:34,5
DA:35,5
DA:36,5
DA:37,5
DA:38,5
DA:39,5
DA:40,5
DA:41,6
DA:42,7
DA:43,1
DA:44,1
DA:45,1
DA:46,1
DA:47,1
DA:48,1
DA:49,1
DA:50,1
DA:51,1
DA:52,1
DA:53,1
LF:53
LH:53
BRDA:1,0,0,1
BRDA:8,1,0,9
BRDA:9,2,0,7
BRDA:9,3,0,2
BRDA:21,4,0,7
BRDA:21,5,0,6
BRDA:42,6,0,1
BRDA:10,7,0,2
BRDA:11,8,0,1
BRDA:23,9,0,6
BRDA:24,10,0,1
BRDA:28,11,0,5
BRDA:32,12,0,1
BRDA:33,13,0,1
BRDA:34,14,0,1
BRDA:35,15,0,4
BRDA:35,16,0,1
BRDA:36,17,0,1
BRDA:49,18,0,1
BRF:19
BRH:19
end_of_record
